2017-07-21T14:16:38+08:00 DEBUG: --- STARTUP TIME --- 1500617798.3735
2017-07-21T14:16:38+08:00 DEBUG: MyApp::_initConfig
2017-07-21T14:16:38+08:00 DEBUG: session_start()
2017-07-21T14:16:38+08:00 DEBUG: session_id: tv084am5a4fn3pcrnujgpso3d2
2017-07-21T14:16:38+08:00 DEBUG: REQUEST UDI: default::default/index@default
2017-07-21T14:16:38+08:00 DEBUG: EXECUTE ACTION: Controller_Default::actionindex()
2017-07-21T14:16:38+08:00 DEBUG: --- SHUTDOWN TIME --- 1500617798.3995 (0.026002168655396)sec
2017-07-21T14:18:32+08:00 DEBUG: --- STARTUP TIME --- 1500617912.317
2017-07-21T14:18:32+08:00 DEBUG: MyApp::_initConfig
2017-07-21T14:18:32+08:00 DEBUG: session_start()
2017-07-21T14:18:32+08:00 DEBUG: session_id: nbed1ul2r9the2gnid2ja64f77
2017-07-21T14:18:32+08:00 DEBUG: REQUEST UDI: default::default/index@default
2017-07-21T14:18:32+08:00 DEBUG: EXECUTE ACTION: Controller_Default::actionindex()
2017-07-21T14:18:32+08:00 DEBUG: --- SHUTDOWN TIME --- 1500617912.34 (0.023001909255981)sec
2017-07-21T14:18:49+08:00 DEBUG: --- STARTUP TIME --- 1500617929.341
2017-07-21T14:18:49+08:00 DEBUG: MyApp::_initConfig
2017-07-21T14:18:49+08:00 DEBUG: session_start()
2017-07-21T14:18:49+08:00 DEBUG: session_id: nbed1ul2r9the2gnid2ja64f77
2017-07-21T14:18:49+08:00 DEBUG: REQUEST UDI: default::default/index@default
2017-07-21T14:18:49+08:00 DEBUG: EXECUTE ACTION: Controller_Default::actionindex()
2017-07-21T14:18:49+08:00 DEBUG: --- SHUTDOWN TIME --- 1500617929.362 (0.021000862121582)sec
2017-07-21T14:18:49+08:00 DEBUG: --- STARTUP TIME --- 1500617929.927
2017-07-21T14:18:49+08:00 DEBUG: MyApp::_initConfig
2017-07-21T14:18:49+08:00 DEBUG: session_start()
2017-07-21T14:18:49+08:00 DEBUG: session_id: nbed1ul2r9the2gnid2ja64f77
2017-07-21T14:18:49+08:00 DEBUG: REQUEST UDI: default::default/index@default
2017-07-21T14:18:49+08:00 DEBUG: EXECUTE ACTION: Controller_Default::actionindex()
2017-07-21T14:18:49+08:00 DEBUG: --- SHUTDOWN TIME --- 1500617929.946 (0.019001007080078)sec
2017-07-21T14:18:50+08:00 DEBUG: --- STARTUP TIME --- 1500617930.101
2017-07-21T14:18:50+08:00 DEBUG: MyApp::_initConfig
2017-07-21T14:18:50+08:00 DEBUG: session_start()
2017-07-21T14:18:50+08:00 DEBUG: session_id: nbed1ul2r9the2gnid2ja64f77
2017-07-21T14:18:50+08:00 DEBUG: REQUEST UDI: default::default/index@default
2017-07-21T14:18:50+08:00 DEBUG: EXECUTE ACTION: Controller_Default::actionindex()
2017-07-21T14:18:50+08:00 DEBUG: --- SHUTDOWN TIME --- 1500617930.115 (0.014000177383423)sec
2017-07-21T14:18:50+08:00 DEBUG: --- STARTUP TIME --- 1500617930.2301
2017-07-21T14:18:50+08:00 DEBUG: MyApp::_initConfig
2017-07-21T14:18:50+08:00 DEBUG: session_start()
2017-07-21T14:18:50+08:00 DEBUG: session_id: nbed1ul2r9the2gnid2ja64f77
2017-07-21T14:18:50+08:00 DEBUG: REQUEST UDI: default::default/index@default
2017-07-21T14:18:50+08:00 DEBUG: EXECUTE ACTION: Controller_Default::actionindex()
2017-07-21T14:18:50+08:00 DEBUG: --- SHUTDOWN TIME --- 1500617930.2431 (0.013000965118408)sec
2017-07-21T14:18:50+08:00 DEBUG: --- STARTUP TIME --- 1500617930.3971
2017-07-21T14:18:50+08:00 DEBUG: MyApp::_initConfig
2017-07-21T14:18:50+08:00 DEBUG: session_start()
2017-07-21T14:18:50+08:00 DEBUG: session_id: nbed1ul2r9the2gnid2ja64f77
2017-07-21T14:18:50+08:00 DEBUG: REQUEST UDI: default::default/index@default
2017-07-21T14:18:50+08:00 DEBUG: EXECUTE ACTION: Controller_Default::actionindex()
2017-07-21T14:18:50+08:00 DEBUG: --- SHUTDOWN TIME --- 1500617930.4131 (0.016000032424927)sec
2017-07-21T16:04:21+08:00 DEBUG: --- STARTUP TIME --- 1500624261.1332
2017-07-21T16:04:21+08:00 DEBUG: MyApp::_initConfig
2017-07-21T16:04:21+08:00 DEBUG: session_start()
2017-07-21T16:04:21+08:00 DEBUG: session_id: nbed1ul2r9the2gnid2ja64f77
2017-07-21T16:04:21+08:00 DEBUG: REQUEST UDI: default::default/index@default
2017-07-21T16:04:21+08:00 DEBUG: EXECUTE ACTION: Controller_Default::actionindex()
2017-07-21T16:04:21+08:00 DEBUG: --- SHUTDOWN TIME --- 1500624261.1562 (0.023001194000244)sec
2017-07-21T17:12:45+08:00 DEBUG: --- STARTUP TIME --- 1500628365.3659
2017-07-21T17:12:45+08:00 DEBUG: MyApp::_initConfig
2017-07-21T17:12:45+08:00 DEBUG: session_start()
2017-07-21T17:12:45+08:00 DEBUG: session_id: nbed1ul2r9the2gnid2ja64f77
2017-07-21T17:12:45+08:00 DEBUG: REQUEST UDI: default::default/index@default
2017-07-21T17:12:45+08:00 DEBUG: EXECUTE ACTION: Controller_Default::actionindex()
2017-07-21T17:12:45+08:00 DEBUG: --- SHUTDOWN TIME --- 1500628365.3949 (0.029000997543335)sec
2017-07-21T17:12:48+08:00 DEBUG: --- STARTUP TIME --- 1500628368.5761
2017-07-21T17:12:48+08:00 DEBUG: MyApp::_initConfig
2017-07-21T17:12:48+08:00 DEBUG: session_start()
2017-07-21T17:12:48+08:00 DEBUG: session_id: nbed1ul2r9the2gnid2ja64f77
2017-07-21T17:12:48+08:00 DEBUG: REQUEST UDI: default::default/index@default
2017-07-21T17:12:48+08:00 DEBUG: EXECUTE ACTION: Controller_Default::actionindex()
2017-07-21T17:12:48+08:00 DEBUG: --- SHUTDOWN TIME --- 1500628368.5931 (0.017000913619995)sec
2017-07-26T09:56:37+08:00 DEBUG: --- STARTUP TIME --- 1501034197.0416
2017-07-26T09:56:37+08:00 DEBUG: MyApp::_initConfig
2017-07-26T09:56:37+08:00 DEBUG: session_start()
2017-07-26T09:56:37+08:00 DEBUG: session_id: nbed1ul2r9the2gnid2ja64f77
2017-07-26T09:56:37+08:00 DEBUG: REQUEST UDI: default::default/index@default
2017-07-26T09:56:37+08:00 DEBUG: EXECUTE ACTION: Controller_Default::actionindex()
2017-07-26T09:56:37+08:00 DEBUG: --- SHUTDOWN TIME --- 1501034197.2216 (0.18001103401184)sec
2017-07-26T10:10:21+08:00 DEBUG: --- STARTUP TIME --- 1501035021.7188
2017-07-26T10:10:21+08:00 DEBUG: MyApp::_initConfig
2017-07-26T10:10:21+08:00 DEBUG: session_start()
2017-07-26T10:10:21+08:00 DEBUG: session_id: nbed1ul2r9the2gnid2ja64f77
2017-07-26T10:10:21+08:00 DEBUG: REQUEST UDI: default::default/index@default
2017-07-26T10:10:21+08:00 DEBUG: EXECUTE ACTION: Controller_Default::actionindex()
2017-07-26T10:10:21+08:00 DEBUG: --- SHUTDOWN TIME --- 1501035021.8798 (0.16101002693176)sec
2017-07-26T10:10:22+08:00 DEBUG: --- STARTUP TIME --- 1501035022.4558
2017-07-26T10:10:22+08:00 DEBUG: MyApp::_initConfig
2017-07-26T10:10:22+08:00 DEBUG: session_start()
2017-07-26T10:10:22+08:00 DEBUG: session_id: nbed1ul2r9the2gnid2ja64f77
2017-07-26T10:10:22+08:00 DEBUG: REQUEST UDI: default::default/index@default
2017-07-26T10:10:22+08:00 DEBUG: EXECUTE ACTION: Controller_Default::actionindex()
2017-07-26T10:10:22+08:00 DEBUG: --- SHUTDOWN TIME --- 1501035022.6159 (0.16000986099243)sec
2017-07-26T10:10:23+08:00 DEBUG: --- STARTUP TIME --- 1501035023.0869
2017-07-26T10:10:23+08:00 DEBUG: MyApp::_initConfig
2017-07-26T10:10:23+08:00 DEBUG: session_start()
2017-07-26T10:10:23+08:00 DEBUG: session_id: nbed1ul2r9the2gnid2ja64f77
2017-07-26T10:10:23+08:00 DEBUG: REQUEST UDI: default::default/index@default
2017-07-26T10:10:23+08:00 DEBUG: EXECUTE ACTION: Controller_Default::actionindex()
2017-07-26T10:10:23+08:00 DEBUG: --- SHUTDOWN TIME --- 1501035023.2479 (0.16100883483887)sec
2017-07-26T10:10:23+08:00 DEBUG: --- STARTUP TIME --- 1501035023.3299
2017-07-26T10:10:23+08:00 DEBUG: MyApp::_initConfig
2017-07-26T10:10:23+08:00 DEBUG: session_start()
2017-07-26T10:10:23+08:00 DEBUG: session_id: nbed1ul2r9the2gnid2ja64f77
2017-07-26T10:10:23+08:00 DEBUG: REQUEST UDI: default::default/index@default
2017-07-26T10:10:23+08:00 DEBUG: EXECUTE ACTION: Controller_Default::actionindex()
2017-07-26T10:10:23+08:00 DEBUG: --- SHUTDOWN TIME --- 1501035023.5059 (0.17601108551025)sec
2017-07-26T10:10:23+08:00 DEBUG: --- STARTUP TIME --- 1501035023.5019
2017-07-26T10:10:23+08:00 DEBUG: MyApp::_initConfig
2017-07-26T10:10:23+08:00 DEBUG: session_start()
2017-07-26T10:10:23+08:00 DEBUG: session_id: nbed1ul2r9the2gnid2ja64f77
2017-07-26T10:10:23+08:00 DEBUG: REQUEST UDI: default::default/index@default
2017-07-26T10:10:23+08:00 DEBUG: EXECUTE ACTION: Controller_Default::actionindex()
2017-07-26T10:10:23+08:00 DEBUG: --- SHUTDOWN TIME --- 1501035023.6799 (0.17800998687744)sec
2017-07-26T10:10:23+08:00 DEBUG: --- STARTUP TIME --- 1501035023.7089
2017-07-26T10:10:23+08:00 DEBUG: MyApp::_initConfig
2017-07-26T10:10:23+08:00 DEBUG: session_start()
2017-07-26T10:10:23+08:00 DEBUG: session_id: nbed1ul2r9the2gnid2ja64f77
2017-07-26T10:10:23+08:00 DEBUG: REQUEST UDI: default::default/index@default
2017-07-26T10:10:23+08:00 DEBUG: EXECUTE ACTION: Controller_Default::actionindex()
2017-07-26T10:10:23+08:00 DEBUG: --- SHUTDOWN TIME --- 1501035023.8899 (0.18101119995117)sec
2017-07-26T10:10:24+08:00 DEBUG: --- STARTUP TIME --- 1501035024.398
2017-07-26T10:10:24+08:00 DEBUG: MyApp::_initConfig
2017-07-26T10:10:24+08:00 DEBUG: session_start()
2017-07-26T10:10:24+08:00 DEBUG: session_id: nbed1ul2r9the2gnid2ja64f77
2017-07-26T10:10:24+08:00 DEBUG: REQUEST UDI: default::default/index@default
2017-07-26T10:10:24+08:00 DEBUG: EXECUTE ACTION: Controller_Default::actionindex()
2017-07-26T10:10:24+08:00 DEBUG: --- SHUTDOWN TIME --- 1501035024.568 (0.17000889778137)sec
2017-07-26T10:10:25+08:00 DEBUG: --- STARTUP TIME --- 1501035025.89
2017-07-26T10:10:25+08:00 DEBUG: MyApp::_initConfig
2017-07-26T10:10:25+08:00 DEBUG: session_start()
2017-07-26T10:10:25+08:00 DEBUG: session_id: nbed1ul2r9the2gnid2ja64f77
2017-07-26T10:10:25+08:00 DEBUG: REQUEST UDI: default::default/index@default
2017-07-26T10:10:25+08:00 DEBUG: EXECUTE ACTION: Controller_Default::actionindex()
2017-07-26T10:10:26+08:00 DEBUG: --- SHUTDOWN TIME --- 1501035026.035 (0.14500784873962)sec
2017-07-26T10:10:27+08:00 DEBUG: --- STARTUP TIME --- 1501035027.6711
2017-07-26T10:10:27+08:00 DEBUG: MyApp::_initConfig
2017-07-26T10:10:27+08:00 DEBUG: session_start()
2017-07-26T10:10:27+08:00 DEBUG: session_id: nbed1ul2r9the2gnid2ja64f77
2017-07-26T10:10:27+08:00 DEBUG: REQUEST UDI: default::default/index@default
2017-07-26T10:10:27+08:00 DEBUG: EXECUTE ACTION: Controller_Default::actionindex()
2017-07-26T10:10:27+08:00 DEBUG: --- SHUTDOWN TIME --- 1501035027.8312 (0.16000890731812)sec
2017-07-26T10:23:34+08:00 DEBUG: --- STARTUP TIME --- 1501035814.2861
2017-07-26T10:23:34+08:00 DEBUG: MyApp::_initConfig
2017-07-26T10:23:34+08:00 DEBUG: session_start()
2017-07-26T10:23:34+08:00 DEBUG: session_id: nbed1ul2r9the2gnid2ja64f77
2017-07-26T10:23:34+08:00 DEBUG: REQUEST UDI: default::default/index@default
2017-07-26T10:23:34+08:00 DEBUG: EXECUTE ACTION: Controller_Default::actionindex()
2017-07-26T10:23:34+08:00 DEBUG: --- SHUTDOWN TIME --- 1501035814.4771 (0.19101119041443)sec
2017-07-26T10:25:07+08:00 DEBUG: --- STARTUP TIME --- 1501035907.4755
2017-07-26T10:25:07+08:00 DEBUG: MyApp::_initConfig
2017-07-26T10:25:07+08:00 DEBUG: session_start()
2017-07-26T10:25:07+08:00 DEBUG: session_id: nbed1ul2r9the2gnid2ja64f77
2017-07-26T10:25:07+08:00 DEBUG: REQUEST UDI: default::default/index@default
2017-07-26T10:25:07+08:00 DEBUG: EXECUTE ACTION: Controller_Default::actionindex()
2017-07-26T10:25:07+08:00 DEBUG: --- SHUTDOWN TIME --- 1501035907.6125 (0.13700795173645)sec
2017-07-26T10:25:08+08:00 DEBUG: --- STARTUP TIME --- 1501035908.1045
2017-07-26T10:25:08+08:00 DEBUG: MyApp::_initConfig
2017-07-26T10:25:08+08:00 DEBUG: session_start()
2017-07-26T10:25:08+08:00 DEBUG: session_id: nbed1ul2r9the2gnid2ja64f77
2017-07-26T10:25:08+08:00 DEBUG: REQUEST UDI: default::default/index@default
2017-07-26T10:25:08+08:00 DEBUG: EXECUTE ACTION: Controller_Default::actionindex()
2017-07-26T10:25:08+08:00 DEBUG: --- SHUTDOWN TIME --- 1501035908.2995 (0.19501113891602)sec
2017-07-26T10:25:08+08:00 DEBUG: --- STARTUP TIME --- 1501035908.4745
2017-07-26T10:25:08+08:00 DEBUG: MyApp::_initConfig
2017-07-26T10:25:08+08:00 DEBUG: session_start()
2017-07-26T10:25:08+08:00 DEBUG: session_id: nbed1ul2r9the2gnid2ja64f77
2017-07-26T10:25:08+08:00 DEBUG: REQUEST UDI: default::default/index@default
2017-07-26T10:25:08+08:00 DEBUG: EXECUTE ACTION: Controller_Default::actionindex()
2017-07-26T10:25:08+08:00 DEBUG: --- SHUTDOWN TIME --- 1501035908.6025 (0.12800693511963)sec
2017-07-26T10:25:08+08:00 DEBUG: --- STARTUP TIME --- 1501035908.7155
2017-07-26T10:25:08+08:00 DEBUG: MyApp::_initConfig
2017-07-26T10:25:08+08:00 DEBUG: session_start()
2017-07-26T10:25:08+08:00 DEBUG: session_id: nbed1ul2r9the2gnid2ja64f77
2017-07-26T10:25:08+08:00 DEBUG: REQUEST UDI: default::default/index@default
2017-07-26T10:25:08+08:00 DEBUG: EXECUTE ACTION: Controller_Default::actionindex()
2017-07-26T10:25:08+08:00 DEBUG: --- SHUTDOWN TIME --- 1501035908.8815 (0.16600894927979)sec
2017-07-26T10:25:08+08:00 DEBUG: --- STARTUP TIME --- 1501035908.8665
2017-07-26T10:25:08+08:00 DEBUG: MyApp::_initConfig
2017-07-26T10:25:08+08:00 DEBUG: session_start()
2017-07-26T10:25:08+08:00 DEBUG: session_id: nbed1ul2r9the2gnid2ja64f77
2017-07-26T10:25:08+08:00 DEBUG: REQUEST UDI: default::default/index@default
2017-07-26T10:25:08+08:00 DEBUG: EXECUTE ACTION: Controller_Default::actionindex()
2017-07-26T10:25:09+08:00 DEBUG: --- SHUTDOWN TIME --- 1501035909.0256 (0.15900897979736)sec
2017-07-26T10:25:09+08:00 DEBUG: --- STARTUP TIME --- 1501035909.0966
2017-07-26T10:25:09+08:00 DEBUG: MyApp::_initConfig
2017-07-26T10:25:09+08:00 DEBUG: session_start()
2017-07-26T10:25:09+08:00 DEBUG: session_id: nbed1ul2r9the2gnid2ja64f77
2017-07-26T10:25:09+08:00 DEBUG: REQUEST UDI: default::default/index@default
2017-07-26T10:25:09+08:00 DEBUG: EXECUTE ACTION: Controller_Default::actionindex()
2017-07-26T10:25:09+08:00 DEBUG: --- SHUTDOWN TIME --- 1501035909.2386 (0.14200901985168)sec
2017-07-26T10:25:09+08:00 DEBUG: --- STARTUP TIME --- 1501035909.2336
2017-07-26T10:25:09+08:00 DEBUG: MyApp::_initConfig
2017-07-26T10:25:09+08:00 DEBUG: session_start()
2017-07-26T10:25:09+08:00 DEBUG: session_id: nbed1ul2r9the2gnid2ja64f77
2017-07-26T10:25:09+08:00 DEBUG: REQUEST UDI: default::default/index@default
2017-07-26T10:25:09+08:00 DEBUG: EXECUTE ACTION: Controller_Default::actionindex()
2017-07-26T10:25:09+08:00 DEBUG: --- SHUTDOWN TIME --- 1501035909.3696 (0.1360080242157)sec
2017-07-26T10:25:09+08:00 DEBUG: --- STARTUP TIME --- 1501035909.4446
2017-07-26T10:25:09+08:00 DEBUG: MyApp::_initConfig
2017-07-26T10:25:09+08:00 DEBUG: session_start()
2017-07-26T10:25:09+08:00 DEBUG: session_id: nbed1ul2r9the2gnid2ja64f77
2017-07-26T10:25:09+08:00 DEBUG: REQUEST UDI: default::default/index@default
2017-07-26T10:25:09+08:00 DEBUG: EXECUTE ACTION: Controller_Default::actionindex()
2017-07-26T10:25:09+08:00 DEBUG: --- SHUTDOWN TIME --- 1501035909.6056 (0.16101002693176)sec
2017-07-26T10:25:09+08:00 DEBUG: --- STARTUP TIME --- 1501035909.6826
2017-07-26T10:25:09+08:00 DEBUG: MyApp::_initConfig
2017-07-26T10:25:09+08:00 DEBUG: session_start()
2017-07-26T10:25:09+08:00 DEBUG: session_id: nbed1ul2r9the2gnid2ja64f77
2017-07-26T10:25:09+08:00 DEBUG: REQUEST UDI: default::default/index@default
2017-07-26T10:25:09+08:00 DEBUG: EXECUTE ACTION: Controller_Default::actionindex()
2017-07-26T10:25:09+08:00 DEBUG: --- SHUTDOWN TIME --- 1501035909.8636 (0.18101000785828)sec
2017-07-26T10:26:23+08:00 DEBUG: --- STARTUP TIME --- 1501035983.9758
2017-07-26T10:26:23+08:00 DEBUG: MyApp::_initConfig
2017-07-26T10:26:23+08:00 DEBUG: session_start()
2017-07-26T10:26:23+08:00 DEBUG: session_id: nbed1ul2r9the2gnid2ja64f77
2017-07-26T10:26:23+08:00 DEBUG: REQUEST UDI: default::default/index@default
2017-07-26T10:26:23+08:00 DEBUG: EXECUTE ACTION: Controller_Default::actionindex()
2017-07-26T10:26:24+08:00 DEBUG: --- SHUTDOWN TIME --- 1501035984.1268 (0.15100884437561)sec
2017-07-26T10:26:25+08:00 DEBUG: --- STARTUP TIME --- 1501035985.2149
2017-07-26T10:26:25+08:00 DEBUG: MyApp::_initConfig
2017-07-26T10:26:25+08:00 DEBUG: session_start()
2017-07-26T10:26:25+08:00 DEBUG: session_id: nbed1ul2r9the2gnid2ja64f77
2017-07-26T10:26:25+08:00 DEBUG: REQUEST UDI: default::default/index@default
2017-07-26T10:26:25+08:00 DEBUG: EXECUTE ACTION: Controller_Default::actionindex()
2017-07-26T10:26:25+08:00 DEBUG: --- SHUTDOWN TIME --- 1501035985.4039 (0.18901109695435)sec
2017-07-26T10:28:33+08:00 DEBUG: --- STARTUP TIME --- 1501036113.4102
2017-07-26T10:28:33+08:00 DEBUG: MyApp::_initConfig
2017-07-26T10:28:33+08:00 DEBUG: session_start()
2017-07-26T10:28:33+08:00 DEBUG: session_id: nbed1ul2r9the2gnid2ja64f77
2017-07-26T10:28:33+08:00 DEBUG: REQUEST UDI: default::default/index@default
2017-07-26T10:28:33+08:00 DEBUG: EXECUTE ACTION: Controller_Default::actionindex()
2017-07-26T10:28:33+08:00 DEBUG: --- SHUTDOWN TIME --- 1501036113.5903 (0.18001008033752)sec
2017-07-26T10:28:34+08:00 DEBUG: --- STARTUP TIME --- 1501036114.4773
2017-07-26T10:28:34+08:00 DEBUG: MyApp::_initConfig
2017-07-26T10:28:34+08:00 DEBUG: session_start()
2017-07-26T10:28:34+08:00 DEBUG: session_id: nbed1ul2r9the2gnid2ja64f77
2017-07-26T10:28:34+08:00 DEBUG: REQUEST UDI: default::default/index@default
2017-07-26T10:28:34+08:00 DEBUG: EXECUTE ACTION: Controller_Default::actionindex()
2017-07-26T10:28:34+08:00 DEBUG: --- SHUTDOWN TIME --- 1501036114.6573 (0.18001008033752)sec
2017-07-26T10:28:35+08:00 DEBUG: --- STARTUP TIME --- 1501036115.1173
2017-07-26T10:28:35+08:00 DEBUG: MyApp::_initConfig
2017-07-26T10:28:35+08:00 DEBUG: session_start()
2017-07-26T10:28:35+08:00 DEBUG: session_id: nbed1ul2r9the2gnid2ja64f77
2017-07-26T10:28:35+08:00 DEBUG: REQUEST UDI: default::default/index@default
2017-07-26T10:28:35+08:00 DEBUG: EXECUTE ACTION: Controller_Default::actionindex()
2017-07-26T10:28:35+08:00 DEBUG: --- SHUTDOWN TIME --- 1501036115.2944 (0.17701005935669)sec
2017-07-26T10:28:35+08:00 DEBUG: --- STARTUP TIME --- 1501036115.3984
2017-07-26T10:28:35+08:00 DEBUG: MyApp::_initConfig
2017-07-26T10:28:35+08:00 DEBUG: session_start()
2017-07-26T10:28:35+08:00 DEBUG: session_id: nbed1ul2r9the2gnid2ja64f77
2017-07-26T10:28:35+08:00 DEBUG: REQUEST UDI: default::default/index@default
2017-07-26T10:28:35+08:00 DEBUG: EXECUTE ACTION: Controller_Default::actionindex()
2017-07-26T10:28:35+08:00 DEBUG: --- SHUTDOWN TIME --- 1501036115.5694 (0.17100977897644)sec
2017-07-26T10:28:35+08:00 DEBUG: --- STARTUP TIME --- 1501036115.6314
2017-07-26T10:28:35+08:00 DEBUG: MyApp::_initConfig
2017-07-26T10:28:35+08:00 DEBUG: session_start()
2017-07-26T10:28:35+08:00 DEBUG: session_id: nbed1ul2r9the2gnid2ja64f77
2017-07-26T10:28:35+08:00 DEBUG: REQUEST UDI: default::default/index@default
2017-07-26T10:28:35+08:00 DEBUG: EXECUTE ACTION: Controller_Default::actionindex()
2017-07-26T10:28:35+08:00 DEBUG: --- SHUTDOWN TIME --- 1501036115.7894 (0.15800905227661)sec
2017-07-26T10:28:36+08:00 DEBUG: --- STARTUP TIME --- 1501036116.3564
2017-07-26T10:28:36+08:00 DEBUG: MyApp::_initConfig
2017-07-26T10:28:36+08:00 DEBUG: session_start()
2017-07-26T10:28:36+08:00 DEBUG: session_id: nbed1ul2r9the2gnid2ja64f77
2017-07-26T10:28:36+08:00 DEBUG: REQUEST UDI: default::default/index@default
2017-07-26T10:28:36+08:00 DEBUG: EXECUTE ACTION: Controller_Default::actionindex()
2017-07-26T10:28:36+08:00 DEBUG: --- SHUTDOWN TIME --- 1501036116.5184 (0.1620090007782)sec
2017-07-26T10:28:37+08:00 DEBUG: --- STARTUP TIME --- 1501036117.1675
2017-07-26T10:28:37+08:00 DEBUG: MyApp::_initConfig
2017-07-26T10:28:37+08:00 DEBUG: session_start()
2017-07-26T10:28:37+08:00 DEBUG: session_id: nbed1ul2r9the2gnid2ja64f77
2017-07-26T10:28:37+08:00 DEBUG: REQUEST UDI: default::default/index@default
2017-07-26T10:28:37+08:00 DEBUG: EXECUTE ACTION: Controller_Default::actionindex()
2017-07-26T10:28:37+08:00 DEBUG: --- SHUTDOWN TIME --- 1501036117.3235 (0.15600895881653)sec
2017-07-26T10:28:37+08:00 DEBUG: --- STARTUP TIME --- 1501036117.5675
2017-07-26T10:28:37+08:00 DEBUG: MyApp::_initConfig
2017-07-26T10:28:37+08:00 DEBUG: session_start()
2017-07-26T10:28:37+08:00 DEBUG: session_id: nbed1ul2r9the2gnid2ja64f77
2017-07-26T10:28:37+08:00 DEBUG: REQUEST UDI: default::default/index@default
2017-07-26T10:28:37+08:00 DEBUG: EXECUTE ACTION: Controller_Default::actionindex()
2017-07-26T10:28:37+08:00 DEBUG: --- SHUTDOWN TIME --- 1501036117.7285 (0.16100907325745)sec
2017-07-26T10:28:38+08:00 DEBUG: --- STARTUP TIME --- 1501036118.8866
2017-07-26T10:28:38+08:00 DEBUG: MyApp::_initConfig
2017-07-26T10:28:38+08:00 DEBUG: session_start()
2017-07-26T10:28:38+08:00 DEBUG: session_id: nbed1ul2r9the2gnid2ja64f77
2017-07-26T10:28:38+08:00 DEBUG: REQUEST UDI: default::default/index@default
2017-07-26T10:28:38+08:00 DEBUG: EXECUTE ACTION: Controller_Default::actionindex()
2017-07-26T10:28:39+08:00 DEBUG: --- SHUTDOWN TIME --- 1501036119.0896 (0.20301103591919)sec
2017-07-26T10:28:41+08:00 DEBUG: --- STARTUP TIME --- 1501036121.0797
2017-07-26T10:28:41+08:00 DEBUG: MyApp::_initConfig
2017-07-26T10:28:41+08:00 DEBUG: session_start()
2017-07-26T10:28:41+08:00 DEBUG: session_id: nbed1ul2r9the2gnid2ja64f77
2017-07-26T10:28:41+08:00 DEBUG: REQUEST UDI: default::default/index@default
2017-07-26T10:28:41+08:00 DEBUG: EXECUTE ACTION: Controller_Default::actionindex()
2017-07-26T10:28:41+08:00 DEBUG: --- SHUTDOWN TIME --- 1501036121.2357 (0.15600895881653)sec
2017-07-26T10:28:42+08:00 DEBUG: --- STARTUP TIME --- 1501036122.2838
2017-07-26T10:28:42+08:00 DEBUG: MyApp::_initConfig
2017-07-26T10:28:42+08:00 DEBUG: session_start()
2017-07-26T10:28:42+08:00 DEBUG: session_id: nbed1ul2r9the2gnid2ja64f77
2017-07-26T10:28:42+08:00 DEBUG: REQUEST UDI: default::default/index@default
2017-07-26T10:28:42+08:00 DEBUG: EXECUTE ACTION: Controller_Default::actionindex()
2017-07-26T10:28:42+08:00 DEBUG: --- SHUTDOWN TIME --- 1501036122.4468 (0.16300892829895)sec
2017-07-26T14:11:52+08:00 DEBUG: --- STARTUP TIME --- 1501049512.4646
2017-07-26T14:11:52+08:00 DEBUG: MyApp::_initConfig
2017-07-26T14:11:52+08:00 DEBUG: session_start()
2017-07-26T14:11:52+08:00 DEBUG: session_id: nbed1ul2r9the2gnid2ja64f77
2017-07-26T14:11:52+08:00 DEBUG: REQUEST UDI: default::default/index@default
2017-07-26T14:11:52+08:00 DEBUG: EXECUTE ACTION: Controller_Default::actionindex()
2017-07-26T14:11:52+08:00 DEBUG: --- SHUTDOWN TIME --- 1501049512.6626 (0.19801092147827)sec
2017-07-26T14:11:53+08:00 DEBUG: --- STARTUP TIME --- 1501049513.4537
2017-07-26T14:11:53+08:00 DEBUG: MyApp::_initConfig
2017-07-26T14:11:53+08:00 DEBUG: session_start()
2017-07-26T14:11:53+08:00 DEBUG: session_id: nbed1ul2r9the2gnid2ja64f77
2017-07-26T14:11:53+08:00 DEBUG: REQUEST UDI: default::default/index@default
2017-07-26T14:11:53+08:00 DEBUG: EXECUTE ACTION: Controller_Default::actionindex()
2017-07-26T14:11:53+08:00 DEBUG: --- SHUTDOWN TIME --- 1501049513.6037 (0.15000915527344)sec
2017-07-26T14:11:54+08:00 DEBUG: --- STARTUP TIME --- 1501049514.0987
2017-07-26T14:11:54+08:00 DEBUG: MyApp::_initConfig
2017-07-26T14:11:54+08:00 DEBUG: session_start()
2017-07-26T14:11:54+08:00 DEBUG: session_id: nbed1ul2r9the2gnid2ja64f77
2017-07-26T14:11:54+08:00 DEBUG: REQUEST UDI: default::default/index@default
2017-07-26T14:11:54+08:00 DEBUG: EXECUTE ACTION: Controller_Default::actionindex()
2017-07-26T14:11:54+08:00 DEBUG: --- SHUTDOWN TIME --- 1501049514.2407 (0.14200782775879)sec
2017-07-26T14:11:54+08:00 DEBUG: --- STARTUP TIME --- 1501049514.3537
2017-07-26T14:11:54+08:00 DEBUG: MyApp::_initConfig
2017-07-26T14:11:54+08:00 DEBUG: session_start()
2017-07-26T14:11:54+08:00 DEBUG: session_id: nbed1ul2r9the2gnid2ja64f77
2017-07-26T14:11:54+08:00 DEBUG: REQUEST UDI: default::default/index@default
2017-07-26T14:11:54+08:00 DEBUG: EXECUTE ACTION: Controller_Default::actionindex()
2017-07-26T14:11:54+08:00 DEBUG: --- SHUTDOWN TIME --- 1501049514.5247 (0.1710090637207)sec
2017-07-26T14:11:54+08:00 DEBUG: --- STARTUP TIME --- 1501049514.5367
2017-07-26T14:11:54+08:00 DEBUG: MyApp::_initConfig
2017-07-26T14:11:54+08:00 DEBUG: session_start()
2017-07-26T14:11:54+08:00 DEBUG: session_id: nbed1ul2r9the2gnid2ja64f77
2017-07-26T14:11:54+08:00 DEBUG: REQUEST UDI: default::default/index@default
2017-07-26T14:11:54+08:00 DEBUG: EXECUTE ACTION: Controller_Default::actionindex()
2017-07-26T14:11:54+08:00 DEBUG: --- SHUTDOWN TIME --- 1501049514.6998 (0.16300892829895)sec
2017-07-26T14:11:55+08:00 DEBUG: --- STARTUP TIME --- 1501049515.1538
2017-07-26T14:11:55+08:00 DEBUG: MyApp::_initConfig
2017-07-26T14:11:55+08:00 DEBUG: session_start()
2017-07-26T14:11:55+08:00 DEBUG: session_id: nbed1ul2r9the2gnid2ja64f77
2017-07-26T14:11:55+08:00 DEBUG: REQUEST UDI: default::default/index@default
2017-07-26T14:11:55+08:00 DEBUG: EXECUTE ACTION: Controller_Default::actionindex()
2017-07-26T14:11:55+08:00 DEBUG: --- SHUTDOWN TIME --- 1501049515.3328 (0.17901110649109)sec
2017-07-26T14:20:13+08:00 DEBUG: --- STARTUP TIME --- 1501050013.3403
2017-07-26T14:20:13+08:00 DEBUG: MyApp::_initConfig
2017-07-26T14:20:13+08:00 DEBUG: session_start()
2017-07-26T14:20:13+08:00 DEBUG: session_id: nbed1ul2r9the2gnid2ja64f77
2017-07-26T14:20:13+08:00 DEBUG: REQUEST UDI: default::default/index@default
2017-07-26T14:20:13+08:00 DEBUG: EXECUTE ACTION: Controller_Default::actionindex()
2017-07-26T14:20:13+08:00 DEBUG: --- SHUTDOWN TIME --- 1501050013.5223 (0.18200993537903)sec
2017-07-26T14:20:14+08:00 DEBUG: --- STARTUP TIME --- 1501050014.1513
2017-07-26T14:20:14+08:00 DEBUG: MyApp::_initConfig
2017-07-26T14:20:14+08:00 DEBUG: session_start()
2017-07-26T14:20:14+08:00 DEBUG: session_id: nbed1ul2r9the2gnid2ja64f77
2017-07-26T14:20:14+08:00 DEBUG: REQUEST UDI: default::default/index@default
2017-07-26T14:20:14+08:00 DEBUG: EXECUTE ACTION: Controller_Default::actionindex()
2017-07-26T14:20:14+08:00 DEBUG: --- SHUTDOWN TIME --- 1501050014.3003 (0.14900898933411)sec
2017-07-26T14:20:14+08:00 DEBUG: --- STARTUP TIME --- 1501050014.4053
2017-07-26T14:20:14+08:00 DEBUG: MyApp::_initConfig
2017-07-26T14:20:14+08:00 DEBUG: session_start()
2017-07-26T14:20:14+08:00 DEBUG: session_id: nbed1ul2r9the2gnid2ja64f77
2017-07-26T14:20:14+08:00 DEBUG: REQUEST UDI: default::default/index@default
2017-07-26T14:20:14+08:00 DEBUG: EXECUTE ACTION: Controller_Default::actionindex()
2017-07-26T14:20:14+08:00 DEBUG: --- SHUTDOWN TIME --- 1501050014.5973 (0.19201111793518)sec
2017-07-26T14:20:14+08:00 DEBUG: --- STARTUP TIME --- 1501050014.6053
2017-07-26T14:20:14+08:00 DEBUG: MyApp::_initConfig
2017-07-26T14:20:14+08:00 DEBUG: session_start()
2017-07-26T14:20:14+08:00 DEBUG: session_id: nbed1ul2r9the2gnid2ja64f77
2017-07-26T14:20:14+08:00 DEBUG: REQUEST UDI: default::default/index@default
2017-07-26T14:20:14+08:00 DEBUG: EXECUTE ACTION: Controller_Default::actionindex()
2017-07-26T14:20:14+08:00 DEBUG: --- SHUTDOWN TIME --- 1501050014.7644 (0.15900897979736)sec
2017-07-26T14:20:14+08:00 DEBUG: --- STARTUP TIME --- 1501050014.8534
2017-07-26T14:20:14+08:00 DEBUG: MyApp::_initConfig
2017-07-26T14:20:14+08:00 DEBUG: session_start()
2017-07-26T14:20:14+08:00 DEBUG: session_id: nbed1ul2r9the2gnid2ja64f77
2017-07-26T14:20:14+08:00 DEBUG: REQUEST UDI: default::default/index@default
2017-07-26T14:20:14+08:00 DEBUG: EXECUTE ACTION: Controller_Default::actionindex()
2017-07-26T14:20:15+08:00 DEBUG: --- SHUTDOWN TIME --- 1501050015.0334 (0.18000984191895)sec
2017-07-26T14:20:16+08:00 DEBUG: --- STARTUP TIME --- 1501050016.2394
2017-07-26T14:20:16+08:00 DEBUG: MyApp::_initConfig
2017-07-26T14:20:16+08:00 DEBUG: session_start()
2017-07-26T14:20:16+08:00 DEBUG: session_id: nbed1ul2r9the2gnid2ja64f77
2017-07-26T14:20:16+08:00 DEBUG: REQUEST UDI: default::default/index@default
2017-07-26T14:20:16+08:00 DEBUG: EXECUTE ACTION: Controller_Default::actionindex()
2017-07-26T14:20:16+08:00 DEBUG: --- SHUTDOWN TIME --- 1501050016.4125 (0.1730101108551)sec
2017-07-27T09:10:41+08:00 DEBUG: --- STARTUP TIME --- 1501117841.7448
2017-07-27T09:10:41+08:00 DEBUG: MyApp::_initConfig
2017-07-27T09:10:41+08:00 DEBUG: session_start()
2017-07-27T09:10:41+08:00 DEBUG: session_id: nbed1ul2r9the2gnid2ja64f77
2017-07-27T09:10:41+08:00 DEBUG: REQUEST UDI: default::default/index@default
2017-07-27T09:10:41+08:00 DEBUG: EXECUTE ACTION: Controller_Default::actionindex()
2017-07-27T09:10:41+08:00 DEBUG: --- SHUTDOWN TIME --- 1501117841.7658 (0.021000862121582)sec
2017-07-27T09:11:46+08:00 DEBUG: --- STARTUP TIME --- 1501117906.6465
2017-07-27T09:11:46+08:00 DEBUG: MyApp::_initConfig
2017-07-27T09:11:46+08:00 DEBUG: session_start()
2017-07-27T09:11:46+08:00 DEBUG: session_id: nbed1ul2r9the2gnid2ja64f77
2017-07-27T09:11:46+08:00 DEBUG: REQUEST UDI: default::default/index@default
2017-07-27T09:11:46+08:00 DEBUG: EXECUTE ACTION: Controller_Default::actionindex()
2017-07-27T09:11:46+08:00 DEBUG: --- SHUTDOWN TIME --- 1501117906.6675 (0.021001100540161)sec
2017-07-27T09:11:56+08:00 DEBUG: --- STARTUP TIME --- 1501117916.396
2017-07-27T09:11:56+08:00 DEBUG: MyApp::_initConfig
2017-07-27T09:11:56+08:00 DEBUG: session_start()
2017-07-27T09:11:56+08:00 DEBUG: session_id: nbed1ul2r9the2gnid2ja64f77
2017-07-27T09:11:56+08:00 DEBUG: REQUEST UDI: default::default/index@default
2017-07-27T09:11:56+08:00 DEBUG: EXECUTE ACTION: Controller_Default::actionindex()
2017-07-27T09:11:56+08:00 DEBUG: --- SHUTDOWN TIME --- 1501117916.418 (0.022001028060913)sec
2017-07-27T09:11:57+08:00 DEBUG: --- STARTUP TIME --- 1501117917.0281
2017-07-27T09:11:57+08:00 DEBUG: MyApp::_initConfig
2017-07-27T09:11:57+08:00 DEBUG: session_start()
2017-07-27T09:11:57+08:00 DEBUG: session_id: nbed1ul2r9the2gnid2ja64f77
2017-07-27T09:11:57+08:00 DEBUG: REQUEST UDI: default::default/index@default
2017-07-27T09:11:57+08:00 DEBUG: EXECUTE ACTION: Controller_Default::actionindex()
2017-07-27T09:11:57+08:00 DEBUG: --- SHUTDOWN TIME --- 1501117917.0431 (0.015001058578491)sec
2017-07-27T09:11:57+08:00 DEBUG: --- STARTUP TIME --- 1501117917.2021
2017-07-27T09:11:57+08:00 DEBUG: MyApp::_initConfig
2017-07-27T09:11:57+08:00 DEBUG: session_start()
2017-07-27T09:11:57+08:00 DEBUG: session_id: nbed1ul2r9the2gnid2ja64f77
2017-07-27T09:11:57+08:00 DEBUG: REQUEST UDI: default::default/index@default
2017-07-27T09:11:57+08:00 DEBUG: EXECUTE ACTION: Controller_Default::actionindex()
2017-07-27T09:11:57+08:00 DEBUG: --- SHUTDOWN TIME --- 1501117917.2191 (0.017000913619995)sec
2017-07-27T09:11:57+08:00 DEBUG: --- STARTUP TIME --- 1501117917.4021
2017-07-27T09:11:57+08:00 DEBUG: MyApp::_initConfig
2017-07-27T09:11:57+08:00 DEBUG: session_start()
2017-07-27T09:11:57+08:00 DEBUG: session_id: nbed1ul2r9the2gnid2ja64f77
2017-07-27T09:11:57+08:00 DEBUG: REQUEST UDI: default::default/index@default
2017-07-27T09:11:57+08:00 DEBUG: EXECUTE ACTION: Controller_Default::actionindex()
2017-07-27T09:11:57+08:00 DEBUG: --- SHUTDOWN TIME --- 1501117917.4221 (0.02000093460083)sec
2017-07-27T09:11:57+08:00 DEBUG: --- STARTUP TIME --- 1501117917.5821
2017-07-27T09:11:57+08:00 DEBUG: MyApp::_initConfig
2017-07-27T09:11:57+08:00 DEBUG: session_start()
2017-07-27T09:11:57+08:00 DEBUG: session_id: nbed1ul2r9the2gnid2ja64f77
2017-07-27T09:11:57+08:00 DEBUG: REQUEST UDI: default::default/index@default
2017-07-27T09:11:57+08:00 DEBUG: EXECUTE ACTION: Controller_Default::actionindex()
2017-07-27T09:11:57+08:00 DEBUG: --- SHUTDOWN TIME --- 1501117917.6031 (0.021001815795898)sec
2017-07-27T09:16:22+08:00 DEBUG: --- STARTUP TIME --- 1501118182.5643
2017-07-27T09:16:22+08:00 DEBUG: MyApp::_initConfig
2017-07-27T09:16:22+08:00 DEBUG: session_start()
2017-07-27T09:16:22+08:00 DEBUG: session_id: nbed1ul2r9the2gnid2ja64f77
2017-07-27T09:16:22+08:00 DEBUG: REQUEST UDI: default::default/index@default
2017-07-27T09:16:22+08:00 DEBUG: EXECUTE ACTION: Controller_Default::actionindex()
2017-07-27T09:16:22+08:00 DEBUG: --- SHUTDOWN TIME --- 1501118182.5863 (0.022001028060913)sec
2017-07-27T09:16:23+08:00 DEBUG: --- STARTUP TIME --- 1501118183.2093
2017-07-27T09:16:23+08:00 DEBUG: MyApp::_initConfig
2017-07-27T09:16:23+08:00 DEBUG: session_start()
2017-07-27T09:16:23+08:00 DEBUG: session_id: nbed1ul2r9the2gnid2ja64f77
2017-07-27T09:16:23+08:00 DEBUG: REQUEST UDI: default::default/index@default
2017-07-27T09:16:23+08:00 DEBUG: EXECUTE ACTION: Controller_Default::actionindex()
2017-07-27T09:16:23+08:00 DEBUG: --- SHUTDOWN TIME --- 1501118183.2273 (0.018000841140747)sec
2017-07-27T09:16:23+08:00 DEBUG: --- STARTUP TIME --- 1501118183.3893
2017-07-27T09:16:23+08:00 DEBUG: MyApp::_initConfig
2017-07-27T09:16:23+08:00 DEBUG: session_start()
2017-07-27T09:16:23+08:00 DEBUG: session_id: nbed1ul2r9the2gnid2ja64f77
2017-07-27T09:16:23+08:00 DEBUG: REQUEST UDI: default::default/index@default
2017-07-27T09:16:23+08:00 DEBUG: EXECUTE ACTION: Controller_Default::actionindex()
2017-07-27T09:16:23+08:00 DEBUG: --- SHUTDOWN TIME --- 1501118183.4073 (0.018000841140747)sec
2017-07-27T09:16:23+08:00 DEBUG: --- STARTUP TIME --- 1501118183.5893
2017-07-27T09:16:23+08:00 DEBUG: MyApp::_initConfig
2017-07-27T09:16:23+08:00 DEBUG: session_start()
2017-07-27T09:16:23+08:00 DEBUG: session_id: nbed1ul2r9the2gnid2ja64f77
2017-07-27T09:16:23+08:00 DEBUG: REQUEST UDI: default::default/index@default
2017-07-27T09:16:23+08:00 DEBUG: EXECUTE ACTION: Controller_Default::actionindex()
2017-07-27T09:16:23+08:00 DEBUG: --- SHUTDOWN TIME --- 1501118183.6013 (0.012000799179077)sec
2017-07-27T09:16:23+08:00 DEBUG: --- STARTUP TIME --- 1501118183.7983
2017-07-27T09:16:23+08:00 DEBUG: MyApp::_initConfig
2017-07-27T09:16:23+08:00 DEBUG: session_start()
2017-07-27T09:16:23+08:00 DEBUG: session_id: nbed1ul2r9the2gnid2ja64f77
2017-07-27T09:16:23+08:00 DEBUG: REQUEST UDI: default::default/index@default
2017-07-27T09:16:23+08:00 DEBUG: EXECUTE ACTION: Controller_Default::actionindex()
2017-07-27T09:16:23+08:00 DEBUG: --- SHUTDOWN TIME --- 1501118183.8183 (0.020001173019409)sec
2017-07-27T09:16:24+08:00 DEBUG: --- STARTUP TIME --- 1501118184.0393
2017-07-27T09:16:24+08:00 DEBUG: MyApp::_initConfig
2017-07-27T09:16:24+08:00 DEBUG: session_start()
2017-07-27T09:16:24+08:00 DEBUG: session_id: nbed1ul2r9the2gnid2ja64f77
2017-07-27T09:16:24+08:00 DEBUG: REQUEST UDI: default::default/index@default
2017-07-27T09:16:24+08:00 DEBUG: EXECUTE ACTION: Controller_Default::actionindex()
2017-07-27T09:16:24+08:00 DEBUG: --- SHUTDOWN TIME --- 1501118184.0573 (0.018001079559326)sec
2017-07-27T09:16:24+08:00 DEBUG: --- STARTUP TIME --- 1501118184.8484
2017-07-27T09:16:24+08:00 DEBUG: MyApp::_initConfig
2017-07-27T09:16:24+08:00 DEBUG: session_start()
2017-07-27T09:16:24+08:00 DEBUG: session_id: nbed1ul2r9the2gnid2ja64f77
2017-07-27T09:16:24+08:00 DEBUG: REQUEST UDI: default::default/index@default
2017-07-27T09:16:24+08:00 DEBUG: EXECUTE ACTION: Controller_Default::actionindex()
2017-07-27T09:16:24+08:00 DEBUG: --- SHUTDOWN TIME --- 1501118184.8684 (0.020001173019409)sec
2017-07-27T09:16:25+08:00 DEBUG: --- STARTUP TIME --- 1501118185.0934
2017-07-27T09:16:25+08:00 DEBUG: MyApp::_initConfig
2017-07-27T09:16:25+08:00 DEBUG: session_start()
2017-07-27T09:16:25+08:00 DEBUG: session_id: nbed1ul2r9the2gnid2ja64f77
2017-07-27T09:16:25+08:00 DEBUG: REQUEST UDI: default::default/index@default
2017-07-27T09:16:25+08:00 DEBUG: EXECUTE ACTION: Controller_Default::actionindex()
2017-07-27T09:16:25+08:00 DEBUG: --- SHUTDOWN TIME --- 1501118185.1154 (0.022000789642334)sec
2017-07-27T09:16:25+08:00 DEBUG: --- STARTUP TIME --- 1501118185.3354
2017-07-27T09:16:25+08:00 DEBUG: MyApp::_initConfig
2017-07-27T09:16:25+08:00 DEBUG: session_start()
2017-07-27T09:16:25+08:00 DEBUG: session_id: nbed1ul2r9the2gnid2ja64f77
2017-07-27T09:16:25+08:00 DEBUG: REQUEST UDI: default::default/index@default
2017-07-27T09:16:25+08:00 DEBUG: EXECUTE ACTION: Controller_Default::actionindex()
2017-07-27T09:16:25+08:00 DEBUG: --- SHUTDOWN TIME --- 1501118185.3554 (0.02000093460083)sec
2017-07-27T09:16:26+08:00 DEBUG: --- STARTUP TIME --- 1501118186.3175
2017-07-27T09:16:26+08:00 DEBUG: MyApp::_initConfig
2017-07-27T09:16:26+08:00 DEBUG: session_start()
2017-07-27T09:16:26+08:00 DEBUG: session_id: nbed1ul2r9the2gnid2ja64f77
2017-07-27T09:16:26+08:00 DEBUG: REQUEST UDI: default::default/index@default
2017-07-27T09:16:26+08:00 DEBUG: EXECUTE ACTION: Controller_Default::actionindex()
2017-07-27T09:16:26+08:00 DEBUG: --- SHUTDOWN TIME --- 1501118186.3285 (0.011001110076904)sec
2017-07-27T09:16:26+08:00 DEBUG: --- STARTUP TIME --- 1501118186.7325
2017-07-27T09:16:26+08:00 DEBUG: MyApp::_initConfig
2017-07-27T09:16:26+08:00 DEBUG: session_start()
2017-07-27T09:16:26+08:00 DEBUG: session_id: nbed1ul2r9the2gnid2ja64f77
2017-07-27T09:16:26+08:00 DEBUG: REQUEST UDI: default::default/index@default
2017-07-27T09:16:26+08:00 DEBUG: EXECUTE ACTION: Controller_Default::actionindex()
2017-07-27T09:16:26+08:00 DEBUG: --- SHUTDOWN TIME --- 1501118186.7455 (0.013000965118408)sec
2017-07-27T09:16:27+08:00 DEBUG: --- STARTUP TIME --- 1501118187.0085
2017-07-27T09:16:27+08:00 DEBUG: MyApp::_initConfig
2017-07-27T09:16:27+08:00 DEBUG: session_start()
2017-07-27T09:16:27+08:00 DEBUG: session_id: nbed1ul2r9the2gnid2ja64f77
2017-07-27T09:16:27+08:00 DEBUG: REQUEST UDI: default::default/index@default
2017-07-27T09:16:27+08:00 DEBUG: EXECUTE ACTION: Controller_Default::actionindex()
2017-07-27T09:16:27+08:00 DEBUG: --- SHUTDOWN TIME --- 1501118187.0265 (0.018001079559326)sec
2017-07-27T09:21:34+08:00 DEBUG: --- STARTUP TIME --- 1501118494.9231
2017-07-27T09:21:34+08:00 DEBUG: MyApp::_initConfig
2017-07-27T09:21:34+08:00 DEBUG: session_start()
2017-07-27T09:21:34+08:00 DEBUG: session_id: nbed1ul2r9the2gnid2ja64f77
2017-07-27T09:21:34+08:00 DEBUG: REQUEST UDI: default::default/index@default
2017-07-27T09:21:34+08:00 DEBUG: EXECUTE ACTION: Controller_Default::actionindex()
2017-07-27T09:21:34+08:00 DEBUG: --- SHUTDOWN TIME --- 1501118494.9451 (0.022001981735229)sec
2017-07-27T09:21:35+08:00 DEBUG: --- STARTUP TIME --- 1501118495.4372
2017-07-27T09:21:35+08:00 DEBUG: MyApp::_initConfig
2017-07-27T09:21:35+08:00 DEBUG: session_start()
2017-07-27T09:21:35+08:00 DEBUG: session_id: nbed1ul2r9the2gnid2ja64f77
2017-07-27T09:21:35+08:00 DEBUG: REQUEST UDI: default::default/index@default
2017-07-27T09:21:35+08:00 DEBUG: EXECUTE ACTION: Controller_Default::actionindex()
2017-07-27T09:21:35+08:00 DEBUG: --- SHUTDOWN TIME --- 1501118495.4502 (0.013000965118408)sec
2017-07-27T09:21:35+08:00 DEBUG: --- STARTUP TIME --- 1501118495.6252
2017-07-27T09:21:35+08:00 DEBUG: MyApp::_initConfig
2017-07-27T09:21:35+08:00 DEBUG: session_start()
2017-07-27T09:21:35+08:00 DEBUG: session_id: nbed1ul2r9the2gnid2ja64f77
2017-07-27T09:21:35+08:00 DEBUG: REQUEST UDI: default::default/index@default
2017-07-27T09:21:35+08:00 DEBUG: EXECUTE ACTION: Controller_Default::actionindex()
2017-07-27T09:21:35+08:00 DEBUG: --- SHUTDOWN TIME --- 1501118495.6412 (0.016000986099243)sec
2017-07-27T09:23:40+08:00 DEBUG: --- STARTUP TIME --- 1501118620.0263
2017-07-27T09:23:40+08:00 DEBUG: MyApp::_initConfig
2017-07-27T09:23:40+08:00 DEBUG: session_start()
2017-07-27T09:23:40+08:00 DEBUG: session_id: nbed1ul2r9the2gnid2ja64f77
2017-07-27T09:23:40+08:00 DEBUG: REQUEST UDI: default::default/index@default
2017-07-27T09:23:40+08:00 DEBUG: EXECUTE ACTION: Controller_Default::actionindex()
2017-07-27T09:23:40+08:00 DEBUG: --- SHUTDOWN TIME --- 1501118620.0483 (0.022001028060913)sec
2017-07-27T09:23:41+08:00 DEBUG: --- STARTUP TIME --- 1501118621.1393
2017-07-27T09:23:41+08:00 DEBUG: MyApp::_initConfig
2017-07-27T09:23:41+08:00 DEBUG: session_start()
2017-07-27T09:23:41+08:00 DEBUG: session_id: nbed1ul2r9the2gnid2ja64f77
2017-07-27T09:23:41+08:00 DEBUG: REQUEST UDI: default::default/index@default
2017-07-27T09:23:41+08:00 DEBUG: EXECUTE ACTION: Controller_Default::actionindex()
2017-07-27T09:23:41+08:00 DEBUG: --- SHUTDOWN TIME --- 1501118621.1523 (0.013000011444092)sec
2017-07-27T09:23:41+08:00 DEBUG: --- STARTUP TIME --- 1501118621.6084
2017-07-27T09:23:41+08:00 DEBUG: MyApp::_initConfig
2017-07-27T09:23:41+08:00 DEBUG: session_start()
2017-07-27T09:23:41+08:00 DEBUG: session_id: nbed1ul2r9the2gnid2ja64f77
2017-07-27T09:23:41+08:00 DEBUG: REQUEST UDI: default::default/index@default
2017-07-27T09:23:41+08:00 DEBUG: EXECUTE ACTION: Controller_Default::actionindex()
2017-07-27T09:23:41+08:00 DEBUG: --- SHUTDOWN TIME --- 1501118621.6234 (0.015000820159912)sec
2017-07-27T09:23:41+08:00 DEBUG: --- STARTUP TIME --- 1501118621.8304
2017-07-27T09:23:41+08:00 DEBUG: MyApp::_initConfig
2017-07-27T09:23:41+08:00 DEBUG: session_start()
2017-07-27T09:23:41+08:00 DEBUG: session_id: nbed1ul2r9the2gnid2ja64f77
2017-07-27T09:23:41+08:00 DEBUG: REQUEST UDI: default::default/index@default
2017-07-27T09:23:41+08:00 DEBUG: EXECUTE ACTION: Controller_Default::actionindex()
2017-07-27T09:23:41+08:00 DEBUG: --- SHUTDOWN TIME --- 1501118621.8494 (0.019001007080078)sec
2017-07-27T09:23:42+08:00 DEBUG: --- STARTUP TIME --- 1501118622.0454
2017-07-27T09:23:42+08:00 DEBUG: MyApp::_initConfig
2017-07-27T09:23:42+08:00 DEBUG: session_start()
2017-07-27T09:23:42+08:00 DEBUG: session_id: nbed1ul2r9the2gnid2ja64f77
2017-07-27T09:23:42+08:00 DEBUG: REQUEST UDI: default::default/index@default
2017-07-27T09:23:42+08:00 DEBUG: EXECUTE ACTION: Controller_Default::actionindex()
2017-07-27T09:23:42+08:00 DEBUG: --- SHUTDOWN TIME --- 1501118622.0704 (0.025002002716064)sec
2017-07-27T09:23:42+08:00 DEBUG: --- STARTUP TIME --- 1501118622.4774
2017-07-27T09:23:42+08:00 DEBUG: MyApp::_initConfig
2017-07-27T09:23:42+08:00 DEBUG: session_start()
2017-07-27T09:23:42+08:00 DEBUG: session_id: nbed1ul2r9the2gnid2ja64f77
2017-07-27T09:23:42+08:00 DEBUG: REQUEST UDI: default::default/index@default
2017-07-27T09:23:42+08:00 DEBUG: EXECUTE ACTION: Controller_Default::actionindex()
2017-07-27T09:23:42+08:00 DEBUG: --- SHUTDOWN TIME --- 1501118622.4924 (0.015000820159912)sec
2017-07-27T09:23:42+08:00 DEBUG: --- STARTUP TIME --- 1501118622.7164
2017-07-27T09:23:42+08:00 DEBUG: MyApp::_initConfig
2017-07-27T09:23:42+08:00 DEBUG: session_start()
2017-07-27T09:23:42+08:00 DEBUG: session_id: nbed1ul2r9the2gnid2ja64f77
2017-07-27T09:23:42+08:00 DEBUG: REQUEST UDI: default::default/index@default
2017-07-27T09:23:42+08:00 DEBUG: EXECUTE ACTION: Controller_Default::actionindex()
2017-07-27T09:23:42+08:00 DEBUG: --- SHUTDOWN TIME --- 1501118622.7324 (0.016000986099243)sec
2017-07-27T11:24:46+08:00 DEBUG: --- STARTUP TIME --- 1501125886.7569
2017-07-27T11:24:46+08:00 DEBUG: MyApp::_initConfig
2017-07-27T11:24:46+08:00 DEBUG: session_start()
2017-07-27T11:24:46+08:00 DEBUG: session_id: nbed1ul2r9the2gnid2ja64f77
2017-07-27T11:24:46+08:00 DEBUG: REQUEST UDI: default::default/index@default
2017-07-27T11:24:46+08:00 DEBUG: EXECUTE ACTION: Controller_Default::actionindex()
2017-07-27T11:24:46+08:00 DEBUG: --- SHUTDOWN TIME --- 1501125886.7809 (0.024002075195312)sec
2017-07-27T13:48:43+08:00 DEBUG: --- STARTUP TIME --- 1501134523.5919
2017-07-27T13:48:43+08:00 DEBUG: MyApp::_initConfig
2017-07-27T13:48:43+08:00 DEBUG: session_start()
2017-07-27T13:48:43+08:00 DEBUG: session_id: nbed1ul2r9the2gnid2ja64f77
2017-07-27T13:48:43+08:00 DEBUG: REQUEST UDI: default::default/index@default
2017-07-27T13:48:43+08:00 DEBUG: EXECUTE ACTION: Controller_Default::actionindex()
2017-07-27T13:48:43+08:00 DEBUG: --- SHUTDOWN TIME --- 1501134523.6159 (0.024000883102417)sec
2017-07-27T13:49:51+08:00 DEBUG: --- STARTUP TIME --- 1501134591.7718
2017-07-27T13:49:51+08:00 DEBUG: MyApp::_initConfig
2017-07-27T13:49:51+08:00 DEBUG: session_start()
2017-07-27T13:49:51+08:00 DEBUG: session_id: nbed1ul2r9the2gnid2ja64f77
2017-07-27T13:49:51+08:00 DEBUG: REQUEST UDI: default::default/index@default
2017-07-27T13:49:51+08:00 DEBUG: EXECUTE ACTION: Controller_Default::actionindex()
2017-07-27T13:49:51+08:00 DEBUG: --- SHUTDOWN TIME --- 1501134591.7998 (0.028001070022583)sec
2017-07-28T15:41:29+08:00 DEBUG: --- STARTUP TIME --- 1501227689.4797
2017-07-28T15:41:29+08:00 DEBUG: MyApp::_initConfig
2017-07-28T15:41:29+08:00 DEBUG: session_start()
2017-07-28T15:41:29+08:00 DEBUG: session_id: nbed1ul2r9the2gnid2ja64f77
2017-07-28T15:41:29+08:00 DEBUG: REQUEST UDI: default::default/index@default
2017-07-28T15:41:29+08:00 DEBUG: EXECUTE ACTION: Controller_Default::actionindex()
2017-07-28T15:41:29+08:00 DEBUG: --- SHUTDOWN TIME --- 1501227689.6537 (0.17401003837585)sec
2017-07-28T15:46:50+08:00 DEBUG: --- STARTUP TIME --- 1501228010.107
2017-07-28T15:46:50+08:00 DEBUG: MyApp::_initConfig
2017-07-28T15:46:50+08:00 DEBUG: session_start()
2017-07-28T15:46:50+08:00 DEBUG: session_id: nbed1ul2r9the2gnid2ja64f77
2017-07-28T15:46:50+08:00 DEBUG: REQUEST UDI: default::default/index@default
2017-07-28T15:46:50+08:00 DEBUG: EXECUTE ACTION: Controller_Default::actionindex()
2017-07-28T15:46:50+08:00 DEBUG: --- SHUTDOWN TIME --- 1501228010.133 (0.0260009765625)sec
2017-07-28T15:53:47+08:00 DEBUG: --- STARTUP TIME --- 1501228427.1999
2017-07-28T15:53:47+08:00 DEBUG: MyApp::_initConfig
2017-07-28T15:53:47+08:00 DEBUG: session_start()
2017-07-28T15:53:47+08:00 DEBUG: session_id: nbed1ul2r9the2gnid2ja64f77
2017-07-28T15:53:47+08:00 DEBUG: REQUEST UDI: default::default/index@default
2017-07-28T15:53:47+08:00 DEBUG: EXECUTE ACTION: Controller_Default::actionindex()
2017-07-28T15:53:47+08:00 DEBUG: --- SHUTDOWN TIME --- 1501228427.2309 (0.031001806259155)sec
2017-07-28T16:14:00+08:00 DEBUG: --- STARTUP TIME --- 1501229640.1233
2017-07-28T16:14:00+08:00 DEBUG: MyApp::_initConfig
2017-07-28T16:14:00+08:00 DEBUG: session_start()
2017-07-28T16:14:00+08:00 DEBUG: session_id: nbed1ul2r9the2gnid2ja64f77
2017-07-28T16:14:00+08:00 DEBUG: REQUEST UDI: default::default/index@default
2017-07-28T16:14:00+08:00 DEBUG: EXECUTE ACTION: Controller_Default::actionindex()
2017-07-28T16:14:00+08:00 DEBUG: --- SHUTDOWN TIME --- 1501229640.1483 (0.025002002716064)sec
2017-07-28T16:14:14+08:00 DEBUG: --- STARTUP TIME --- 1501229654.9571
2017-07-28T16:14:14+08:00 DEBUG: MyApp::_initConfig
2017-07-28T16:14:14+08:00 DEBUG: session_start()
2017-07-28T16:14:14+08:00 DEBUG: session_id: nbed1ul2r9the2gnid2ja64f77
2017-07-28T16:14:14+08:00 DEBUG: REQUEST UDI: default::default/index@default
2017-07-28T16:14:14+08:00 DEBUG: EXECUTE ACTION: Controller_Default::actionindex()
2017-07-28T16:14:14+08:00 DEBUG: --- SHUTDOWN TIME --- 1501229654.9841 (0.027001142501831)sec
2017-07-28T16:15:56+08:00 DEBUG: --- STARTUP TIME --- 1501229756.5909
2017-07-28T16:15:56+08:00 DEBUG: MyApp::_initConfig
2017-07-28T16:15:56+08:00 DEBUG: session_start()
2017-07-28T16:15:56+08:00 DEBUG: session_id: nbed1ul2r9the2gnid2ja64f77
2017-07-28T16:15:56+08:00 DEBUG: REQUEST UDI: default::default/index@default
2017-07-28T16:15:56+08:00 DEBUG: EXECUTE ACTION: Controller_Default::actionindex()
2017-07-28T16:15:56+08:00 DEBUG: --- SHUTDOWN TIME --- 1501229756.6109 (0.02000093460083)sec
2017-07-28T16:15:57+08:00 DEBUG: --- STARTUP TIME --- 1501229757.097
2017-07-28T16:15:57+08:00 DEBUG: MyApp::_initConfig
2017-07-28T16:15:57+08:00 DEBUG: session_start()
2017-07-28T16:15:57+08:00 DEBUG: session_id: nbed1ul2r9the2gnid2ja64f77
2017-07-28T16:15:57+08:00 DEBUG: REQUEST UDI: default::default/index@default
2017-07-28T16:15:57+08:00 DEBUG: EXECUTE ACTION: Controller_Default::actionindex()
2017-07-28T16:15:57+08:00 DEBUG: --- SHUTDOWN TIME --- 1501229757.268 (0.17101001739502)sec
2017-07-28T16:15:57+08:00 DEBUG: --- STARTUP TIME --- 1501229757.242
2017-07-28T16:15:57+08:00 DEBUG: MyApp::_initConfig
2017-07-28T16:15:57+08:00 DEBUG: session_start()
2017-07-28T16:15:57+08:00 DEBUG: session_id: nbed1ul2r9the2gnid2ja64f77
2017-07-28T16:15:57+08:00 DEBUG: REQUEST UDI: default::default/index@default
2017-07-28T16:15:57+08:00 DEBUG: EXECUTE ACTION: Controller_Default::actionindex()
2017-07-28T16:15:57+08:00 DEBUG: --- SHUTDOWN TIME --- 1501229757.284 (0.042001962661743)sec
2017-07-28T16:40:57+08:00 DEBUG: --- STARTUP TIME --- 1501231257.5458
2017-07-28T16:40:57+08:00 DEBUG: MyApp::_initConfig
2017-07-28T16:40:57+08:00 DEBUG: session_start()
2017-07-28T16:40:57+08:00 DEBUG: session_id: nbed1ul2r9the2gnid2ja64f77
2017-07-28T16:40:57+08:00 DEBUG: REQUEST UDI: default::default/index@default
2017-07-28T16:40:57+08:00 DEBUG: EXECUTE ACTION: Controller_Default::actionindex()
2017-07-28T16:40:57+08:00 DEBUG: --- SHUTDOWN TIME --- 1501231257.5738 (0.028001070022583)sec
2017-07-28T16:41:52+08:00 DEBUG: --- STARTUP TIME --- 1501231312.2279
2017-07-28T16:41:52+08:00 DEBUG: MyApp::_initConfig
2017-07-28T16:41:52+08:00 DEBUG: session_start()
2017-07-28T16:41:52+08:00 DEBUG: session_id: nbed1ul2r9the2gnid2ja64f77
2017-07-28T16:41:52+08:00 DEBUG: REQUEST UDI: default::default/index@default
2017-07-28T16:41:52+08:00 DEBUG: EXECUTE ACTION: Controller_Default::actionindex()
2017-07-28T16:41:52+08:00 DEBUG: --- SHUTDOWN TIME --- 1501231312.2489 (0.021000862121582)sec
2017-07-28T16:44:07+08:00 DEBUG: --- STARTUP TIME --- 1501231447.3126
2017-07-28T16:44:07+08:00 DEBUG: MyApp::_initConfig
2017-07-28T16:44:07+08:00 DEBUG: session_start()
2017-07-28T16:44:07+08:00 DEBUG: session_id: nbed1ul2r9the2gnid2ja64f77
2017-07-28T16:44:07+08:00 DEBUG: REQUEST UDI: default::default/index@default
2017-07-28T16:44:07+08:00 DEBUG: EXECUTE ACTION: Controller_Default::actionindex()
2017-07-28T16:44:07+08:00 DEBUG: --- SHUTDOWN TIME --- 1501231447.3366 (0.024000883102417)sec
